# JRE version: OpenJDK Runtime Environment Temurin-21.0.10+7 (21.0.10+7) (build 21.0.10+7-LTS)
# Java VM: OpenJDK 64-Bit Server VM Temurin-21.0.10+7 (21.0.10+7-LTS, mixed mode, sharing, tiered, compressed oops, compressed class ptrs, parallel gc, windows-amd64)
GC Precious Log:
 CardTable entry size: 512
 CPUs: 8 total, 8 available
 Memory: 8071M
 Large Page Support: Disabled
 NUMA Support: Disabled
 Compressed Oops: Enabled (32-bit)
 Alignments: Space 512K, Generation 512K, Heap 2M
 Heap Min Capacity: 100M
 Heap Initial Capacity: 100M
 Heap Max Capacity: 2G
 Pre-touch: Disabled
 Parallel Workers: 8
Heap:
 PSYoungGen      total 23040K, used 17456K [0x00000000d5580000, 0x00000000d7580000, 0x0000000100000000)
  eden space 22016K, 76% used [0x00000000d5580000,0x00000000d65ef500,0x00000000d6b00000)
  from space 1024K, 61% used [0x00000000d7480000,0x00000000d751cef8,0x00000000d7580000)
  to   space 3584K, 0% used [0x00000000d6e80000,0x00000000d6e80000,0x00000000d7200000)
 ParOldGen       total 68608K, used 31057K [0x0000000080000000, 0x0000000084300000, 0x00000000d5580000)
  object space 68608K, 45% used [0x0000000080000000,0x0000000081e54688,0x0000000084300000)
 Metaspace       used 41723K, committed 42880K, reserved 1114112K
  class space    used 4508K, committed 5056K, reserved 1048576K
GC Heap History (20 events):
Event: 5.962 GC heap before
{Heap before GC invocations=9 (full 1):
 PSYoungGen      total 29184K, used 24576K [0x00000000d5580000, 0x00000000d7780000, 0x0000000100000000)
  eden space 24576K, 100% used [0x00000000d5580000,0x00000000d6d80000,0x00000000d6d80000)
  from space 4608K, 0% used [0x00000000d6e80000,0x00000000d6e80000,0x00000000d7300000)
  to   space 4608K, 0% used [0x00000000d7300000,0x00000000d7300000,0x00000000d7780000)
 ParOldGen       total 68608K, used 13331K [0x0000000080000000, 0x0000000084300000, 0x00000000d5580000)
  object space 68608K, 19% used [0x0000000080000000,0x0000000080d04c58,0x0000000084300000)
 Metaspace       used 22607K, committed 23552K, reserved 1114112K
  class space    used 2390K, committed 2752K, reserved 1048576K
}
Event: 5.963 GC heap after
{Heap after GC invocations=9 (full 1):
 PSYoungGen      total 25600K, used 1147K [0x00000000d5580000, 0x00000000d7480000, 0x0000000100000000)
  eden space 24064K, 0% used [0x00000000d5580000,0x00000000d5580000,0x00000000d6d00000)
  from space 1536K, 74% used [0x00000000d7300000,0x00000000d741ed40,0x00000000d7480000)
  to   space 2560K, 0% used [0x00000000d6f80000,0x00000000d6f80000,0x00000000d7200000)
 ParOldGen       total 68608K, used 13339K [0x0000000080000000, 0x0000000084300000, 0x00000000d5580000)
  object space 68608K, 19% used [0x0000000080000000,0x0000000080d06c58,0x0000000084300000)
 Metaspace       used 22607K, committed 23552K, reserved 1114112K
  class space    used 2390K, committed 2752K, reserved 1048576K
}
Event: 6.110 GC heap before
{Heap before GC invocations=10 (full 1):
 PSYoungGen      total 25600K, used 25161K [0x00000000d5580000, 0x00000000d7480000, 0x0000000100000000)
  eden space 24064K, 99% used [0x00000000d5580000,0x00000000d6cf38b8,0x00000000d6d00000)
  from space 1536K, 74% used [0x00000000d7300000,0x00000000d741ed40,0x00000000d7480000)
  to   space 2560K, 0% used [0x00000000d6f80000,0x00000000d6f80000,0x00000000d7200000)
 ParOldGen       total 68608K, used 13339K [0x0000000080000000, 0x0000000084300000, 0x00000000d5580000)
  object space 68608K, 19% used [0x0000000080000000,0x0000000080d06c58,0x0000000084300000)
 Metaspace       used 26255K, committed 27200K, reserved 1114112K
  class space    used 2660K, committed 3072K, reserved 1048576K
}
Event: 6.112 GC heap after
{Heap after GC invocations=10 (full 1):
 PSYoungGen      total 26112K, used 1366K [0x00000000d5580000, 0x00000000d7380000, 0x0000000100000000)
  eden space 23552K, 0% used [0x00000000d5580000,0x00000000d5580000,0x00000000d6c80000)
  from space 2560K, 53% used [0x00000000d6f80000,0x00000000d70d59f0,0x00000000d7200000)
  to   space 1536K, 0% used [0x00000000d7200000,0x00000000d7200000,0x00000000d7380000)
 ParOldGen       total 68608K, used 13339K [0x0000000080000000, 0x0000000084300000, 0x00000000d5580000)
  object space 68608K, 19% used [0x0000000080000000,0x0000000080d06c58,0x0000000084300000)
 Metaspace       used 26255K, committed 27200K, reserved 1114112K
  class space    used 2660K, committed 3072K, reserved 1048576K
}
Event: 6.290 GC heap before
{Heap before GC invocations=11 (full 1):
 PSYoungGen      total 26112K, used 24918K [0x00000000d5580000, 0x00000000d7380000, 0x0000000100000000)
  eden space 23552K, 100% used [0x00000000d5580000,0x00000000d6c80000,0x00000000d6c80000)
  from space 2560K, 53% used [0x00000000d6f80000,0x00000000d70d59f0,0x00000000d7200000)
  to   space 1536K, 0% used [0x00000000d7200000,0x00000000d7200000,0x00000000d7380000)
 ParOldGen       total 68608K, used 13339K [0x0000000080000000, 0x0000000084300000, 0x00000000d5580000)
  object space 68608K, 19% used [0x0000000080000000,0x0000000080d06c58,0x0000000084300000)
 Metaspace       used 27932K, committed 28864K, reserved 1114112K
  class space    used 2784K, committed 3200K, reserved 1048576K
}
Event: 6.293 GC heap after
{Heap after GC invocations=11 (full 1):
 PSYoungGen      total 24064K, used 1006K [0x00000000d5580000, 0x00000000d7300000, 0x0000000100000000)
  eden space 23040K, 0% used [0x00000000d5580000,0x00000000d5580000,0x00000000d6c00000)
  from space 1024K, 98% used [0x00000000d7200000,0x00000000d72fb890,0x00000000d7300000)
  to   space 1536K, 0% used [0x00000000d7000000,0x00000000d7000000,0x00000000d7180000)
 ParOldGen       total 68608K, used 15877K [0x0000000080000000, 0x0000000084300000, 0x00000000d5580000)
  object space 68608K, 23% used [0x0000000080000000,0x0000000080f81688,0x0000000084300000)
 Metaspace       used 27932K, committed 28864K, reserved 1114112K
  class space    used 2784K, committed 3200K, reserved 1048576K
}
Event: 6.705 GC heap before
{Heap before GC invocations=12 (full 1):
 PSYoungGen      total 24064K, used 24046K [0x00000000d5580000, 0x00000000d7300000, 0x0000000100000000)
  eden space 23040K, 100% used [0x00000000d5580000,0x00000000d6c00000,0x00000000d6c00000)
  from space 1024K, 98% used [0x00000000d7200000,0x00000000d72fb890,0x00000000d7300000)
  to   space 1536K, 0% used [0x00000000d7000000,0x00000000d7000000,0x00000000d7180000)
 ParOldGen       total 68608K, used 15877K [0x0000000080000000, 0x0000000084300000, 0x00000000d5580000)
  object space 68608K, 23% used [0x0000000080000000,0x0000000080f81688,0x0000000084300000)
 Metaspace       used 31182K, committed 32320K, reserved 1114112K
  class space    used 3137K, committed 3648K, reserved 1048576K
}
Event: 6.708 GC heap after
{Heap after GC invocations=12 (full 1):
 PSYoungGen      total 24064K, used 1513K [0x00000000d5580000, 0x00000000d7280000, 0x0000000100000000)
  eden space 22528K, 0% used [0x00000000d5580000,0x00000000d5580000,0x00000000d6b80000)
  from space 1536K, 98% used [0x00000000d7000000,0x00000000d717a460,0x00000000d7180000)
  to   space 1024K, 0% used [0x00000000d7180000,0x00000000d7180000,0x00000000d7280000)
 ParOldGen       total 68608K, used 17163K [0x0000000080000000, 0x0000000084300000, 0x00000000d5580000)
  object space 68608K, 25% used [0x0000000080000000,0x00000000810c2ea8,0x0000000084300000)
 Metaspace       used 31182K, committed 32320K, reserved 1114112K
  class space    used 3137K, committed 3648K, reserved 1048576K
}
Event: 6.942 GC heap before
{Heap before GC invocations=13 (full 1):
 PSYoungGen      total 24064K, used 24041K [0x00000000d5580000, 0x00000000d7280000, 0x0000000100000000)
  eden space 22528K, 100% used [0x00000000d5580000,0x00000000d6b80000,0x00000000d6b80000)
  from space 1536K, 98% used [0x00000000d7000000,0x00000000d717a460,0x00000000d7180000)
  to   space 1024K, 0% used [0x00000000d7180000,0x00000000d7180000,0x00000000d7280000)
 ParOldGen       total 68608K, used 17163K [0x0000000080000000, 0x0000000084300000, 0x00000000d5580000)
  object space 68608K, 25% used [0x0000000080000000,0x00000000810c2ea8,0x0000000084300000)
 Metaspace       used 33829K, committed 34944K, reserved 1114112K
  class space    used 3468K, committed 3968K, reserved 1048576K
}
Event: 6.946 GC heap after
{Heap after GC invocations=13 (full 1):
 PSYoungGen      total 23040K, used 1008K [0x00000000d5580000, 0x00000000d7300000, 0x0000000100000000)
  eden space 22016K, 0% used [0x00000000d5580000,0x00000000d5580000,0x00000000d6b00000)
  from space 1024K, 98% used [0x00000000d7180000,0x00000000d727c010,0x00000000d7280000)
  to   space 4096K, 0% used [0x00000000d6b00000,0x00000000d6b00000,0x00000000d6f00000)
 ParOldGen       total 68608K, used 19881K [0x0000000080000000, 0x0000000084300000, 0x00000000d5580000)
  object space 68608K, 28% used [0x0000000080000000,0x000000008136a7b8,0x0000000084300000)
 Metaspace       used 33829K, committed 34944K, reserved 1114112K
  class space    used 3468K, committed 3968K, reserved 1048576K
}
Event: 7.072 GC heap before
{Heap before GC invocations=14 (full 1):
 PSYoungGen      total 23040K, used 9743K [0x00000000d5580000, 0x00000000d7300000, 0x0000000100000000)
  eden space 22016K, 39% used [0x00000000d5580000,0x00000000d5e07ce8,0x00000000d6b00000)
  from space 1024K, 98% used [0x00000000d7180000,0x00000000d727c010,0x00000000d7280000)
  to   space 4096K, 0% used [0x00000000d6b00000,0x00000000d6b00000,0x00000000d6f00000)
 ParOldGen       total 68608K, used 19881K [0x0000000080000000, 0x0000000084300000, 0x00000000d5580000)
  object space 68608K, 28% used [0x0000000080000000,0x000000008136a7b8,0x0000000084300000)
 Metaspace       used 34790K, committed 35840K, reserved 1114112K
  class space    used 3594K, committed 4032K, reserved 1048576K
}
Event: 7.074 GC heap after
{Heap after GC invocations=14 (full 1):
 PSYoungGen      total 26112K, used 624K [0x00000000d5580000, 0x00000000d7200000, 0x0000000100000000)
  eden space 22016K, 0% used [0x00000000d5580000,0x00000000d5580000,0x00000000d6b00000)
  from space 4096K, 15% used [0x00000000d6b00000,0x00000000d6b9c210,0x00000000d6f00000)
  to   space 2048K, 0% used [0x00000000d7000000,0x00000000d7000000,0x00000000d7200000)
 ParOldGen       total 68608K, used 20839K [0x0000000080000000, 0x0000000084300000, 0x00000000d5580000)
  object space 68608K, 30% used [0x0000000080000000,0x0000000081459ea8,0x0000000084300000)
 Metaspace       used 34790K, committed 35840K, reserved 1114112K
  class space    used 3594K, committed 4032K, reserved 1048576K
}
Event: 7.074 GC heap before
{Heap before GC invocations=15 (full 2):
 PSYoungGen      total 26112K, used 624K [0x00000000d5580000, 0x00000000d7200000, 0x0000000100000000)
  eden space 22016K, 0% used [0x00000000d5580000,0x00000000d5580000,0x00000000d6b00000)
  from space 4096K, 15% used [0x00000000d6b00000,0x00000000d6b9c210,0x00000000d6f00000)
  to   space 2048K, 0% used [0x00000000d7000000,0x00000000d7000000,0x00000000d7200000)
 ParOldGen       total 68608K, used 20839K [0x0000000080000000, 0x0000000084300000, 0x00000000d5580000)
  object space 68608K, 30% used [0x0000000080000000,0x0000000081459ea8,0x0000000084300000)
 Metaspace       used 34790K, committed 35840K, reserved 1114112K
  class space    used 3594K, committed 4032K, reserved 1048576K
}
Event: 7.112 GC heap after
{Heap after GC invocations=15 (full 2):
 PSYoungGen      total 26112K, used 0K [0x00000000d5580000, 0x00000000d7200000, 0x0000000100000000)
  eden space 22016K, 0% used [0x00000000d5580000,0x00000000d5580000,0x00000000d6b00000)
  from space 4096K, 0% used [0x00000000d6b00000,0x00000000d6b00000,0x00000000d6f00000)
  to   space 2048K, 0% used [0x00000000d7000000,0x00000000d7000000,0x00000000d7200000)
 ParOldGen       total 68608K, used 20399K [0x0000000080000000, 0x0000000084300000, 0x00000000d5580000)
  object space 68608K, 29% used [0x0000000080000000,0x00000000813ebdf0,0x0000000084300000)
 Metaspace       used 34790K, committed 35840K, reserved 1114112K
  class space    used 3594K, committed 4032K, reserved 1048576K
}
Event: 7.366 GC heap before
{Heap before GC invocations=16 (full 2):
 PSYoungGen      total 26112K, used 22016K [0x00000000d5580000, 0x00000000d7200000, 0x0000000100000000)
  eden space 22016K, 100% used [0x00000000d5580000,0x00000000d6b00000,0x00000000d6b00000)
  from space 4096K, 0% used [0x00000000d6b00000,0x00000000d6b00000,0x00000000d6f00000)
  to   space 2048K, 0% used [0x00000000d7000000,0x00000000d7000000,0x00000000d7200000)
 ParOldGen       total 68608K, used 20399K [0x0000000080000000, 0x0000000084300000, 0x00000000d5580000)
  object space 68608K, 29% used [0x0000000080000000,0x00000000813ebdf0,0x0000000084300000)
 Metaspace       used 36893K, committed 38016K, reserved 1114112K
  class space    used 3877K, committed 4416K, reserved 1048576K
}
Event: 7.369 GC heap after
{Heap after GC invocations=16 (full 2):
 PSYoungGen      total 24064K, used 2026K [0x00000000d5580000, 0x00000000d7500000, 0x0000000100000000)
  eden space 22016K, 0% used [0x00000000d5580000,0x00000000d5580000,0x00000000d6b00000)
  from space 2048K, 98% used [0x00000000d7000000,0x00000000d71fa820,0x00000000d7200000)
  to   space 5120K, 0% used [0x00000000d6b00000,0x00000000d6b00000,0x00000000d7000000)
 ParOldGen       total 68608K, used 22693K [0x0000000080000000, 0x0000000084300000, 0x00000000d5580000)
  object space 68608K, 33% used [0x0000000080000000,0x0000000081629620,0x0000000084300000)
 Metaspace       used 36893K, committed 38016K, reserved 1114112K
  class space    used 3877K, committed 4416K, reserved 1048576K
}
Event: 7.601 GC heap before
{Heap before GC invocations=17 (full 2):
 PSYoungGen      total 24064K, used 24042K [0x00000000d5580000, 0x00000000d7500000, 0x0000000100000000)
  eden space 22016K, 100% used [0x00000000d5580000,0x00000000d6b00000,0x00000000d6b00000)
  from space 2048K, 98% used [0x00000000d7000000,0x00000000d71fa820,0x00000000d7200000)
  to   space 5120K, 0% used [0x00000000d6b00000,0x00000000d6b00000,0x00000000d7000000)
 ParOldGen       total 68608K, used 22693K [0x0000000080000000, 0x0000000084300000, 0x00000000d5580000)
  object space 68608K, 33% used [0x0000000080000000,0x0000000081629620,0x0000000084300000)
 Metaspace       used 38299K, committed 39424K, reserved 1114112K
  class space    used 4072K, committed 4608K, reserved 1048576K
}
Event: 7.605 GC heap after
{Heap after GC invocations=17 (full 2):
 PSYoungGen      total 27136K, used 5101K [0x00000000d5580000, 0x00000000d7e00000, 0x0000000100000000)
  eden space 22016K, 0% used [0x00000000d5580000,0x00000000d5580000,0x00000000d6b00000)
  from space 5120K, 99% used [0x00000000d6b00000,0x00000000d6ffb6c0,0x00000000d7000000)
  to   space 9728K, 0% used [0x00000000d7480000,0x00000000d7480000,0x00000000d7e00000)
 ParOldGen       total 68608K, used 26058K [0x0000000080000000, 0x0000000084300000, 0x00000000d5580000)
  object space 68608K, 37% used [0x0000000080000000,0x0000000081972ae0,0x0000000084300000)
 Metaspace       used 38299K, committed 39424K, reserved 1114112K
  class space    used 4072K, committed 4608K, reserved 1048576K
}
Event: 7.909 GC heap before
{Heap before GC invocations=18 (full 2):
 PSYoungGen      total 27136K, used 27115K [0x00000000d5580000, 0x00000000d7e00000, 0x0000000100000000)
  eden space 22016K, 99% used [0x00000000d5580000,0x00000000d6aff7d0,0x00000000d6b00000)
  from space 5120K, 99% used [0x00000000d6b00000,0x00000000d6ffb6c0,0x00000000d7000000)
  to   space 9728K, 0% used [0x00000000d7480000,0x00000000d7480000,0x00000000d7e00000)
 ParOldGen       total 68608K, used 26058K [0x0000000080000000, 0x0000000084300000, 0x00000000d5580000)
  object space 68608K, 37% used [0x0000000080000000,0x0000000081972ae0,0x0000000084300000)
 Metaspace       used 39764K, committed 40960K, reserved 1114112K
  class space    used 4266K, committed 4800K, reserved 1048576K
}
Event: 7.913 GC heap after
{Heap after GC invocations=18 (full 2):
 PSYoungGen      total 23040K, used 627K [0x00000000d5580000, 0x00000000d7580000, 0x0000000100000000)
  eden space 22016K, 0% used [0x00000000d5580000,0x00000000d5580000,0x00000000d6b00000)
  from space 1024K, 61% used [0x00000000d7480000,0x00000000d751cef8,0x00000000d7580000)
  to   space 3584K, 0% used [0x00000000d6e80000,0x00000000d6e80000,0x00000000d7200000)
 ParOldGen       total 68608K, used 31057K [0x0000000080000000, 0x0000000084300000, 0x00000000d5580000)
  object space 68608K, 45% used [0x0000000080000000,0x0000000081e54688,0x0000000084300000)
 Metaspace       used 39764K, committed 40960K, reserved 1114112K
  class space    used 4266K, committed 4800K, reserved 1048576K
}

