# JRE version: OpenJDK Runtime Environment Temurin-21.0.10+7 (21.0.10+7) (build 21.0.10+7-LTS)
# Java VM: OpenJDK 64-Bit Server VM Temurin-21.0.10+7 (21.0.10+7-LTS, mixed mode, sharing, tiered, compressed oops, compressed class ptrs, parallel gc, windows-amd64)
GC Precious Log:
 CardTable entry size: 512
 CPUs: 8 total, 8 available
 Memory: 8071M
 Large Page Support: Disabled
 NUMA Support: Disabled
 Compressed Oops: Enabled (32-bit)
 Alignments: Space 512K, Generation 512K, Heap 2M
 Heap Min Capacity: 100M
 Heap Initial Capacity: 100M
 Heap Max Capacity: 2G
 Pre-touch: Disabled
 Parallel Workers: 8
Heap:
 PSYoungGen      total 17408K, used 13836K [0x00000000d5580000, 0x00000000d6a80000, 0x0000000100000000)
  eden space 16384K, 78% used [0x00000000d5580000,0x00000000d6209e60,0x00000000d6580000)
  from space 1024K, 97% used [0x00000000d6900000,0x00000000d69f91b0,0x00000000d6a00000)
  to   space 512K, 0% used [0x00000000d6a00000,0x00000000d6a00000,0x00000000d6a80000)
 ParOldGen       total 68608K, used 32425K [0x0000000080000000, 0x0000000084300000, 0x00000000d5580000)
  object space 68608K, 47% used [0x0000000080000000,0x0000000081faa7f8,0x0000000084300000)
 Metaspace       used 45471K, committed 46720K, reserved 1114112K
  class space    used 5016K, committed 5568K, reserved 1048576K
GC Heap History (20 events):
Event: 5.892 GC heap before
{Heap before GC invocations=12 (full 1):
 PSYoungGen      total 24576K, used 24561K [0x00000000d5580000, 0x00000000d7400000, 0x0000000100000000)
  eden space 23040K, 100% used [0x00000000d5580000,0x00000000d6c00000,0x00000000d6c00000)
  from space 1536K, 99% used [0x00000000d7200000,0x00000000d737c6f8,0x00000000d7380000)
  to   space 4096K, 0% used [0x00000000d6c00000,0x00000000d6c00000,0x00000000d7000000)
 ParOldGen       total 68608K, used 15332K [0x0000000080000000, 0x0000000084300000, 0x00000000d5580000)
  object space 68608K, 22% used [0x0000000080000000,0x0000000080ef92b0,0x0000000084300000)
 Metaspace       used 31257K, committed 32320K, reserved 1114112K
  class space    used 3141K, committed 3584K, reserved 1048576K
}
Event: 5.895 GC heap after
{Heap after GC invocations=12 (full 1):
 PSYoungGen      total 25600K, used 2370K [0x00000000d5580000, 0x00000000d7280000, 0x0000000100000000)
  eden space 23040K, 0% used [0x00000000d5580000,0x00000000d5580000,0x00000000d6c00000)
  from space 2560K, 92% used [0x00000000d6c00000,0x00000000d6e50ba8,0x00000000d6e80000)
  to   space 3072K, 0% used [0x00000000d6f80000,0x00000000d6f80000,0x00000000d7280000)
 ParOldGen       total 68608K, used 16858K [0x0000000080000000, 0x0000000084300000, 0x00000000d5580000)
  object space 68608K, 24% used [0x0000000080000000,0x0000000081076948,0x0000000084300000)
 Metaspace       used 31257K, committed 32320K, reserved 1114112K
  class space    used 3141K, committed 3584K, reserved 1048576K
}
Event: 6.154 GC heap before
{Heap before GC invocations=13 (full 1):
 PSYoungGen      total 25600K, used 25410K [0x00000000d5580000, 0x00000000d7280000, 0x0000000100000000)
  eden space 23040K, 100% used [0x00000000d5580000,0x00000000d6c00000,0x00000000d6c00000)
  from space 2560K, 92% used [0x00000000d6c00000,0x00000000d6e50ba8,0x00000000d6e80000)
  to   space 3072K, 0% used [0x00000000d6f80000,0x00000000d6f80000,0x00000000d7280000)
 ParOldGen       total 68608K, used 16861K [0x0000000080000000, 0x0000000084300000, 0x00000000d5580000)
  object space 68608K, 24% used [0x0000000080000000,0x00000000810774d8,0x0000000084300000)
 Metaspace       used 33968K, committed 35136K, reserved 1114112K
  class space    used 3494K, committed 3968K, reserved 1048576K
}
Event: 6.157 GC heap after
{Heap after GC invocations=13 (full 1):
 PSYoungGen      total 25088K, used 2432K [0x00000000d5580000, 0x00000000d7200000, 0x0000000100000000)
  eden space 22528K, 0% used [0x00000000d5580000,0x00000000d5580000,0x00000000d6b80000)
  from space 2560K, 95% used [0x00000000d6f80000,0x00000000d71e0000,0x00000000d7200000)
  to   space 2560K, 0% used [0x00000000d6d00000,0x00000000d6d00000,0x00000000d6f80000)
 ParOldGen       total 68608K, used 18583K [0x0000000080000000, 0x0000000084300000, 0x00000000d5580000)
  object space 68608K, 27% used [0x0000000080000000,0x0000000081225e28,0x0000000084300000)
 Metaspace       used 33968K, committed 35136K, reserved 1114112K
  class space    used 3494K, committed 3968K, reserved 1048576K
}
Event: 6.233 GC heap before
{Heap before GC invocations=14 (full 1):
 PSYoungGen      total 25088K, used 9419K [0x00000000d5580000, 0x00000000d7200000, 0x0000000100000000)
  eden space 22528K, 31% used [0x00000000d5580000,0x00000000d5c52e00,0x00000000d6b80000)
  from space 2560K, 95% used [0x00000000d6f80000,0x00000000d71e0000,0x00000000d7200000)
  to   space 2560K, 0% used [0x00000000d6d00000,0x00000000d6d00000,0x00000000d6f80000)
 ParOldGen       total 68608K, used 18583K [0x0000000080000000, 0x0000000084300000, 0x00000000d5580000)
  object space 68608K, 27% used [0x0000000080000000,0x0000000081225e28,0x0000000084300000)
 Metaspace       used 34726K, committed 35840K, reserved 1114112K
  class space    used 3600K, committed 4096K, reserved 1048576K
}
Event: 6.237 GC heap after
{Heap after GC invocations=14 (full 1):
 PSYoungGen      total 23040K, used 512K [0x00000000d5580000, 0x00000000d7000000, 0x0000000100000000)
  eden space 22528K, 0% used [0x00000000d5580000,0x00000000d5580000,0x00000000d6b80000)
  from space 512K, 100% used [0x00000000d6d00000,0x00000000d6d80000,0x00000000d6d80000)
  to   space 1536K, 0% used [0x00000000d6e80000,0x00000000d6e80000,0x00000000d7000000)
 ParOldGen       total 68608K, used 20850K [0x0000000080000000, 0x0000000084300000, 0x00000000d5580000)
  object space 68608K, 30% used [0x0000000080000000,0x000000008145cbd0,0x0000000084300000)
 Metaspace       used 34726K, committed 35840K, reserved 1114112K
  class space    used 3600K, committed 4096K, reserved 1048576K
}
Event: 6.237 GC heap before
{Heap before GC invocations=15 (full 2):
 PSYoungGen      total 23040K, used 512K [0x00000000d5580000, 0x00000000d7000000, 0x0000000100000000)
  eden space 22528K, 0% used [0x00000000d5580000,0x00000000d5580000,0x00000000d6b80000)
  from space 512K, 100% used [0x00000000d6d00000,0x00000000d6d80000,0x00000000d6d80000)
  to   space 1536K, 0% used [0x00000000d6e80000,0x00000000d6e80000,0x00000000d7000000)
 ParOldGen       total 68608K, used 20850K [0x0000000080000000, 0x0000000084300000, 0x00000000d5580000)
  object space 68608K, 30% used [0x0000000080000000,0x000000008145cbd0,0x0000000084300000)
 Metaspace       used 34726K, committed 35840K, reserved 1114112K
  class space    used 3600K, committed 4096K, reserved 1048576K
}
Event: 6.274 GC heap after
{Heap after GC invocations=15 (full 2):
 PSYoungGen      total 23040K, used 0K [0x00000000d5580000, 0x00000000d7000000, 0x0000000100000000)
  eden space 22528K, 0% used [0x00000000d5580000,0x00000000d5580000,0x00000000d6b80000)
  from space 512K, 0% used [0x00000000d6d00000,0x00000000d6d00000,0x00000000d6d80000)
  to   space 1536K, 0% used [0x00000000d6e80000,0x00000000d6e80000,0x00000000d7000000)
 ParOldGen       total 68608K, used 20214K [0x0000000080000000, 0x0000000084300000, 0x00000000d5580000)
  object space 68608K, 29% used [0x0000000080000000,0x00000000813bdb10,0x0000000084300000)
 Metaspace       used 34726K, committed 35840K, reserved 1114112K
  class space    used 3600K, committed 4096K, reserved 1048576K
}
Event: 6.469 GC heap before
{Heap before GC invocations=16 (full 2):
 PSYoungGen      total 23040K, used 22528K [0x00000000d5580000, 0x00000000d7000000, 0x0000000100000000)
  eden space 22528K, 100% used [0x00000000d5580000,0x00000000d6b80000,0x00000000d6b80000)
  from space 512K, 0% used [0x00000000d6d00000,0x00000000d6d00000,0x00000000d6d80000)
  to   space 1536K, 0% used [0x00000000d6e80000,0x00000000d6e80000,0x00000000d7000000)
 ParOldGen       total 68608K, used 20214K [0x0000000080000000, 0x0000000084300000, 0x00000000d5580000)
  object space 68608K, 29% used [0x0000000080000000,0x00000000813bdb10,0x0000000084300000)
 Metaspace       used 36635K, committed 37824K, reserved 1114112K
  class space    used 3844K, committed 4416K, reserved 1048576K
}
Event: 6.475 GC heap after
{Heap after GC invocations=16 (full 2):
 PSYoungGen      total 17920K, used 1520K [0x00000000d5580000, 0x00000000d7d00000, 0x0000000100000000)
  eden space 16384K, 0% used [0x00000000d5580000,0x00000000d5580000,0x00000000d6580000)
  from space 1536K, 98% used [0x00000000d6e80000,0x00000000d6ffc010,0x00000000d7000000)
  to   space 9216K, 0% used [0x00000000d6580000,0x00000000d6580000,0x00000000d6e80000)
 ParOldGen       total 68608K, used 26261K [0x0000000080000000, 0x0000000084300000, 0x00000000d5580000)
  object space 68608K, 38% used [0x0000000080000000,0x00000000819a5618,0x0000000084300000)
 Metaspace       used 36635K, committed 37824K, reserved 1114112K
  class space    used 3844K, committed 4416K, reserved 1048576K
}
Event: 6.696 GC heap before
{Heap before GC invocations=17 (full 2):
 PSYoungGen      total 17920K, used 17904K [0x00000000d5580000, 0x00000000d7d00000, 0x0000000100000000)
  eden space 16384K, 100% used [0x00000000d5580000,0x00000000d6580000,0x00000000d6580000)
  from space 1536K, 98% used [0x00000000d6e80000,0x00000000d6ffc010,0x00000000d7000000)
  to   space 9216K, 0% used [0x00000000d6580000,0x00000000d6580000,0x00000000d6e80000)
 ParOldGen       total 68608K, used 26261K [0x0000000080000000, 0x0000000084300000, 0x00000000d5580000)
  object space 68608K, 38% used [0x0000000080000000,0x00000000819a5618,0x0000000084300000)
 Metaspace       used 38002K, committed 39168K, reserved 1114112K
  class space    used 4025K, committed 4544K, reserved 1048576K
}
Event: 6.699 GC heap after
{Heap after GC invocations=17 (full 2):
 PSYoungGen      total 19968K, used 3248K [0x00000000d5580000, 0x00000000d6f80000, 0x0000000100000000)
  eden space 16384K, 0% used [0x00000000d5580000,0x00000000d5580000,0x00000000d6580000)
  from space 3584K, 90% used [0x00000000d6580000,0x00000000d68ac010,0x00000000d6900000)
  to   space 5120K, 0% used [0x00000000d6a80000,0x00000000d6a80000,0x00000000d6f80000)
 ParOldGen       total 68608K, used 27702K [0x0000000080000000, 0x0000000084300000, 0x00000000d5580000)
  object space 68608K, 40% used [0x0000000080000000,0x0000000081b0d8d8,0x0000000084300000)
 Metaspace       used 38002K, committed 39168K, reserved 1114112K
  class space    used 4025K, committed 4544K, reserved 1048576K
}
Event: 6.892 GC heap before
{Heap before GC invocations=18 (full 2):
 PSYoungGen      total 19968K, used 19625K [0x00000000d5580000, 0x00000000d6f80000, 0x0000000100000000)
  eden space 16384K, 99% used [0x00000000d5580000,0x00000000d657e568,0x00000000d6580000)
  from space 3584K, 90% used [0x00000000d6580000,0x00000000d68ac010,0x00000000d6900000)
  to   space 5120K, 0% used [0x00000000d6a80000,0x00000000d6a80000,0x00000000d6f80000)
 ParOldGen       total 68608K, used 27702K [0x0000000080000000, 0x0000000084300000, 0x00000000d5580000)
  object space 68608K, 40% used [0x0000000080000000,0x0000000081b0d8d8,0x0000000084300000)
 Metaspace       used 38982K, committed 40192K, reserved 1114112K
  class space    used 4164K, committed 4672K, reserved 1048576K
}
Event: 6.895 GC heap after
{Heap after GC invocations=18 (full 2):
 PSYoungGen      total 17408K, used 544K [0x00000000d5580000, 0x00000000d6b80000, 0x0000000100000000)
  eden space 16384K, 0% used [0x00000000d5580000,0x00000000d5580000,0x00000000d6580000)
  from space 1024K, 53% used [0x00000000d6a80000,0x00000000d6b08000,0x00000000d6b80000)
  to   space 2048K, 0% used [0x00000000d6780000,0x00000000d6780000,0x00000000d6980000)
 ParOldGen       total 68608K, used 30750K [0x0000000080000000, 0x0000000084300000, 0x00000000d5580000)
  object space 68608K, 44% used [0x0000000080000000,0x0000000081e078e8,0x0000000084300000)
 Metaspace       used 38982K, committed 40192K, reserved 1114112K
  class space    used 4164K, committed 4672K, reserved 1048576K
}
Event: 7.160 GC heap before
{Heap before GC invocations=19 (full 2):
 PSYoungGen      total 17408K, used 16928K [0x00000000d5580000, 0x00000000d6b80000, 0x0000000100000000)
  eden space 16384K, 100% used [0x00000000d5580000,0x00000000d6580000,0x00000000d6580000)
  from space 1024K, 53% used [0x00000000d6a80000,0x00000000d6b08000,0x00000000d6b80000)
  to   space 2048K, 0% used [0x00000000d6780000,0x00000000d6780000,0x00000000d6980000)
 ParOldGen       total 68608K, used 30750K [0x0000000080000000, 0x0000000084300000, 0x00000000d5580000)
  object space 68608K, 44% used [0x0000000080000000,0x0000000081e078e8,0x0000000084300000)
 Metaspace       used 40472K, committed 41664K, reserved 1114112K
  class space    used 4352K, committed 4864K, reserved 1048576K
}
Event: 7.161 GC heap after
{Heap after GC invocations=19 (full 2):
 PSYoungGen      total 18432K, used 544K [0x00000000d5580000, 0x00000000d6b00000, 0x0000000100000000)
  eden space 16384K, 0% used [0x00000000d5580000,0x00000000d5580000,0x00000000d6580000)
  from space 2048K, 26% used [0x00000000d6780000,0x00000000d6808000,0x00000000d6980000)
  to   space 1024K, 0% used [0x00000000d6a00000,0x00000000d6a00000,0x00000000d6b00000)
 ParOldGen       total 68608K, used 31122K [0x0000000080000000, 0x0000000084300000, 0x00000000d5580000)
  object space 68608K, 45% used [0x0000000080000000,0x0000000081e64af8,0x0000000084300000)
 Metaspace       used 40472K, committed 41664K, reserved 1114112K
  class space    used 4352K, committed 4864K, reserved 1048576K
}
Event: 7.460 GC heap before
{Heap before GC invocations=20 (full 2):
 PSYoungGen      total 18432K, used 16928K [0x00000000d5580000, 0x00000000d6b00000, 0x0000000100000000)
  eden space 16384K, 100% used [0x00000000d5580000,0x00000000d6580000,0x00000000d6580000)
  from space 2048K, 26% used [0x00000000d6780000,0x00000000d6808000,0x00000000d6980000)
  to   space 1024K, 0% used [0x00000000d6a00000,0x00000000d6a00000,0x00000000d6b00000)
 ParOldGen       total 68608K, used 31122K [0x0000000080000000, 0x0000000084300000, 0x00000000d5580000)
  object space 68608K, 45% used [0x0000000080000000,0x0000000081e64af8,0x0000000084300000)
 Metaspace       used 42276K, committed 43520K, reserved 1114112K
  class space    used 4589K, committed 5120K, reserved 1048576K
}
Event: 7.461 GC heap after
{Heap after GC invocations=20 (full 2):
 PSYoungGen      total 17408K, used 896K [0x00000000d5580000, 0x00000000d6b00000, 0x0000000100000000)
  eden space 16384K, 0% used [0x00000000d5580000,0x00000000d5580000,0x00000000d6580000)
  from space 1024K, 87% used [0x00000000d6a00000,0x00000000d6ae0000,0x00000000d6b00000)
  to   space 1024K, 0% used [0x00000000d6900000,0x00000000d6900000,0x00000000d6a00000)
 ParOldGen       total 68608K, used 31522K [0x0000000080000000, 0x0000000084300000, 0x00000000d5580000)
  object space 68608K, 45% used [0x0000000080000000,0x0000000081ec8af8,0x0000000084300000)
 Metaspace       used 42276K, committed 43520K, reserved 1114112K
  class space    used 4589K, committed 5120K, reserved 1048576K
}
Event: 7.934 GC heap before
{Heap before GC invocations=21 (full 2):
 PSYoungGen      total 17408K, used 17280K [0x00000000d5580000, 0x00000000d6b00000, 0x0000000100000000)
  eden space 16384K, 100% used [0x00000000d5580000,0x00000000d6580000,0x00000000d6580000)
  from space 1024K, 87% used [0x00000000d6a00000,0x00000000d6ae0000,0x00000000d6b00000)
  to   space 1024K, 0% used [0x00000000d6900000,0x00000000d6900000,0x00000000d6a00000)
 ParOldGen       total 68608K, used 31522K [0x0000000080000000, 0x0000000084300000, 0x00000000d5580000)
  object space 68608K, 45% used [0x0000000080000000,0x0000000081ec8af8,0x0000000084300000)
 Metaspace       used 44107K, committed 45376K, reserved 1114112K
  class space    used 4848K, committed 5376K, reserved 1048576K
}
Event: 7.936 GC heap after
{Heap after GC invocations=21 (full 2):
 PSYoungGen      total 17408K, used 996K [0x00000000d5580000, 0x00000000d6a80000, 0x0000000100000000)
  eden space 16384K, 0% used [0x00000000d5580000,0x00000000d5580000,0x00000000d6580000)
  from space 1024K, 97% used [0x00000000d6900000,0x00000000d69f91b0,0x00000000d6a00000)
  to   space 512K, 0% used [0x00000000d6a00000,0x00000000d6a00000,0x00000000d6a80000)
 ParOldGen       total 68608K, used 32425K [0x0000000080000000, 0x0000000084300000, 0x00000000d5580000)
  object space 68608K, 47% used [0x0000000080000000,0x0000000081faa7f8,0x0000000084300000)
 Metaspace       used 44107K, committed 45376K, reserved 1114112K
  class space    used 4848K, committed 5376K, reserved 1048576K
}

