# JRE version: OpenJDK Runtime Environment Temurin-21.0.10+7 (21.0.10+7) (build 21.0.10+7-LTS)
# Java VM: OpenJDK 64-Bit Server VM Temurin-21.0.10+7 (21.0.10+7-LTS, mixed mode, sharing, tiered, compressed oops, compressed class ptrs, parallel gc, windows-amd64)
GC Precious Log:
 CardTable entry size: 512
 CPUs: 8 total, 8 available
 Memory: 8071M
 Large Page Support: Disabled
 NUMA Support: Disabled
 Compressed Oops: Enabled (32-bit)
 Alignments: Space 512K, Generation 512K, Heap 2M
 Heap Min Capacity: 100M
 Heap Initial Capacity: 100M
 Heap Max Capacity: 2G
 Pre-touch: Disabled
 Parallel Workers: 8
Heap:
 PSYoungGen      total 14848K, used 11116K [0x00000000d5580000, 0x00000000d6780000, 0x0000000100000000)
  eden space 13824K, 77% used [0x00000000d5580000,0x00000000d5feabf8,0x00000000d6300000)
  from space 1024K, 43% used [0x00000000d6580000,0x00000000d65f05d8,0x00000000d6680000)
  to   space 512K, 0% used [0x00000000d6700000,0x00000000d6700000,0x00000000d6780000)
 ParOldGen       total 141824K, used 67824K [0x0000000080000000, 0x0000000088a80000, 0x00000000d5580000)
  object space 141824K, 47% used [0x0000000080000000,0x000000008423c048,0x0000000088a80000)
 Metaspace       used 67791K, committed 69504K, reserved 1114112K
  class space    used 7320K, committed 8064K, reserved 1048576K
GC Heap History (20 events):
Event: 40.522 GC heap before
{Heap before GC invocations=87 (full 3):
 PSYoungGen      total 14336K, used 14144K [0x00000000d5580000, 0x00000000d6a80000, 0x0000000100000000)
  eden space 13824K, 100% used [0x00000000d5580000,0x00000000d6300000,0x00000000d6300000)
  from space 512K, 62% used [0x00000000d6880000,0x00000000d68d0000,0x00000000d6900000)
  to   space 1024K, 0% used [0x00000000d6980000,0x00000000d6980000,0x00000000d6a80000)
 ParOldGen       total 141824K, used 59967K [0x0000000080000000, 0x0000000088a80000, 0x00000000d5580000)
  object space 141824K, 42% used [0x0000000080000000,0x0000000083a8fc28,0x0000000088a80000)
 Metaspace       used 63365K, committed 64960K, reserved 1114112K
  class space    used 6750K, committed 7424K, reserved 1048576K
}
Event: 40.524 GC heap after
{Heap after GC invocations=87 (full 3):
 PSYoungGen      total 14848K, used 768K [0x00000000d5580000, 0x00000000d6a80000, 0x0000000100000000)
  eden space 13824K, 0% used [0x00000000d5580000,0x00000000d5580000,0x00000000d6300000)
  from space 1024K, 75% used [0x00000000d6980000,0x00000000d6a40000,0x00000000d6a80000)
  to   space 1024K, 0% used [0x00000000d6880000,0x00000000d6880000,0x00000000d6980000)
 ParOldGen       total 141824K, used 60231K [0x0000000080000000, 0x0000000088a80000, 0x00000000d5580000)
  object space 141824K, 42% used [0x0000000080000000,0x0000000083ad1c28,0x0000000088a80000)
 Metaspace       used 63365K, committed 64960K, reserved 1114112K
  class space    used 6750K, committed 7424K, reserved 1048576K
}
Event: 40.552 GC heap before
{Heap before GC invocations=88 (full 3):
 PSYoungGen      total 14848K, used 14592K [0x00000000d5580000, 0x00000000d6a80000, 0x0000000100000000)
  eden space 13824K, 100% used [0x00000000d5580000,0x00000000d6300000,0x00000000d6300000)
  from space 1024K, 75% used [0x00000000d6980000,0x00000000d6a40000,0x00000000d6a80000)
  to   space 1024K, 0% used [0x00000000d6880000,0x00000000d6880000,0x00000000d6980000)
 ParOldGen       total 141824K, used 60231K [0x0000000080000000, 0x0000000088a80000, 0x00000000d5580000)
  object space 141824K, 42% used [0x0000000080000000,0x0000000083ad1c28,0x0000000088a80000)
 Metaspace       used 63367K, committed 64960K, reserved 1114112K
  class space    used 6750K, committed 7424K, reserved 1048576K
}
Event: 40.554 GC heap after
{Heap after GC invocations=88 (full 3):
 PSYoungGen      total 14848K, used 1021K [0x00000000d5580000, 0x00000000d6a00000, 0x0000000100000000)
  eden space 13824K, 0% used [0x00000000d5580000,0x00000000d5580000,0x00000000d6300000)
  from space 1024K, 99% used [0x00000000d6880000,0x00000000d697f7b0,0x00000000d6980000)
  to   space 512K, 0% used [0x00000000d6980000,0x00000000d6980000,0x00000000d6a00000)
 ParOldGen       total 141824K, used 60872K [0x0000000080000000, 0x0000000088a80000, 0x00000000d5580000)
  object space 141824K, 42% used [0x0000000080000000,0x0000000083b723f0,0x0000000088a80000)
 Metaspace       used 63367K, committed 64960K, reserved 1114112K
  class space    used 6750K, committed 7424K, reserved 1048576K
}
Event: 40.578 GC heap before
{Heap before GC invocations=89 (full 3):
 PSYoungGen      total 14848K, used 14845K [0x00000000d5580000, 0x00000000d6a00000, 0x0000000100000000)
  eden space 13824K, 100% used [0x00000000d5580000,0x00000000d6300000,0x00000000d6300000)
  from space 1024K, 99% used [0x00000000d6880000,0x00000000d697f7b0,0x00000000d6980000)
  to   space 512K, 0% used [0x00000000d6980000,0x00000000d6980000,0x00000000d6a00000)
 ParOldGen       total 141824K, used 60872K [0x0000000080000000, 0x0000000088a80000, 0x00000000d5580000)
  object space 141824K, 42% used [0x0000000080000000,0x0000000083b723f0,0x0000000088a80000)
 Metaspace       used 63367K, committed 64960K, reserved 1114112K
  class space    used 6750K, committed 7424K, reserved 1048576K
}
Event: 40.580 GC heap after
{Heap after GC invocations=89 (full 3):
 PSYoungGen      total 14336K, used 494K [0x00000000d5580000, 0x00000000d6a00000, 0x0000000100000000)
  eden space 13824K, 0% used [0x00000000d5580000,0x00000000d5580000,0x00000000d6300000)
  from space 512K, 96% used [0x00000000d6980000,0x00000000d69fb980,0x00000000d6a00000)
  to   space 2048K, 0% used [0x00000000d6600000,0x00000000d6600000,0x00000000d6800000)
 ParOldGen       total 141824K, used 62088K [0x0000000080000000, 0x0000000088a80000, 0x00000000d5580000)
  object space 141824K, 43% used [0x0000000080000000,0x0000000083ca2148,0x0000000088a80000)
 Metaspace       used 63367K, committed 64960K, reserved 1114112K
  class space    used 6750K, committed 7424K, reserved 1048576K
}
Event: 40.602 GC heap before
{Heap before GC invocations=90 (full 3):
 PSYoungGen      total 14336K, used 14318K [0x00000000d5580000, 0x00000000d6a00000, 0x0000000100000000)
  eden space 13824K, 100% used [0x00000000d5580000,0x00000000d6300000,0x00000000d6300000)
  from space 512K, 96% used [0x00000000d6980000,0x00000000d69fb980,0x00000000d6a00000)
  to   space 2048K, 0% used [0x00000000d6600000,0x00000000d6600000,0x00000000d6800000)
 ParOldGen       total 141824K, used 62088K [0x0000000080000000, 0x0000000088a80000, 0x00000000d5580000)
  object space 141824K, 43% used [0x0000000080000000,0x0000000083ca2148,0x0000000088a80000)
 Metaspace       used 63374K, committed 64960K, reserved 1114112K
  class space    used 6750K, committed 7424K, reserved 1048576K
}
Event: 40.604 GC heap after
{Heap after GC invocations=90 (full 3):
 PSYoungGen      total 15872K, used 843K [0x00000000d5580000, 0x00000000d6a00000, 0x0000000100000000)
  eden space 13824K, 0% used [0x00000000d5580000,0x00000000d5580000,0x00000000d6300000)
  from space 2048K, 41% used [0x00000000d6600000,0x00000000d66d2c08,0x00000000d6800000)
  to   space 1536K, 0% used [0x00000000d6880000,0x00000000d6880000,0x00000000d6a00000)
 ParOldGen       total 141824K, used 62606K [0x0000000080000000, 0x0000000088a80000, 0x00000000d5580000)
  object space 141824K, 44% used [0x0000000080000000,0x0000000083d239b8,0x0000000088a80000)
 Metaspace       used 63374K, committed 64960K, reserved 1114112K
  class space    used 6750K, committed 7424K, reserved 1048576K
}
Event: 40.633 GC heap before
{Heap before GC invocations=91 (full 3):
 PSYoungGen      total 15872K, used 14667K [0x00000000d5580000, 0x00000000d6a00000, 0x0000000100000000)
  eden space 13824K, 100% used [0x00000000d5580000,0x00000000d6300000,0x00000000d6300000)
  from space 2048K, 41% used [0x00000000d6600000,0x00000000d66d2c08,0x00000000d6800000)
  to   space 1536K, 0% used [0x00000000d6880000,0x00000000d6880000,0x00000000d6a00000)
 ParOldGen       total 141824K, used 62606K [0x0000000080000000, 0x0000000088a80000, 0x00000000d5580000)
  object space 141824K, 44% used [0x0000000080000000,0x0000000083d239b8,0x0000000088a80000)
 Metaspace       used 63375K, committed 64960K, reserved 1114112K
  class space    used 6750K, committed 7424K, reserved 1048576K
}
Event: 40.634 GC heap after
{Heap after GC invocations=91 (full 3):
 PSYoungGen      total 14848K, used 807K [0x00000000d5580000, 0x00000000d6980000, 0x0000000100000000)
  eden space 13824K, 0% used [0x00000000d5580000,0x00000000d5580000,0x00000000d6300000)
  from space 1024K, 78% used [0x00000000d6880000,0x00000000d6949c70,0x00000000d6980000)
  to   space 1024K, 0% used [0x00000000d6780000,0x00000000d6780000,0x00000000d6880000)
 ParOldGen       total 141824K, used 63296K [0x0000000080000000, 0x0000000088a80000, 0x00000000d5580000)
  object space 141824K, 44% used [0x0000000080000000,0x0000000083dd0008,0x0000000088a80000)
 Metaspace       used 63375K, committed 64960K, reserved 1114112K
  class space    used 6750K, committed 7424K, reserved 1048576K
}
Event: 40.666 GC heap before
{Heap before GC invocations=92 (full 3):
 PSYoungGen      total 14848K, used 14631K [0x00000000d5580000, 0x00000000d6980000, 0x0000000100000000)
  eden space 13824K, 100% used [0x00000000d5580000,0x00000000d6300000,0x00000000d6300000)
  from space 1024K, 78% used [0x00000000d6880000,0x00000000d6949c70,0x00000000d6980000)
  to   space 1024K, 0% used [0x00000000d6780000,0x00000000d6780000,0x00000000d6880000)
 ParOldGen       total 141824K, used 63296K [0x0000000080000000, 0x0000000088a80000, 0x00000000d5580000)
  object space 141824K, 44% used [0x0000000080000000,0x0000000083dd0008,0x0000000088a80000)
 Metaspace       used 63380K, committed 64960K, reserved 1114112K
  class space    used 6750K, committed 7424K, reserved 1048576K
}
Event: 40.668 GC heap after
{Heap after GC invocations=92 (full 3):
 PSYoungGen      total 14848K, used 780K [0x00000000d5580000, 0x00000000d6900000, 0x0000000100000000)
  eden space 13824K, 0% used [0x00000000d5580000,0x00000000d5580000,0x00000000d6300000)
  from space 1024K, 76% used [0x00000000d6780000,0x00000000d68433e8,0x00000000d6880000)
  to   space 512K, 0% used [0x00000000d6880000,0x00000000d6880000,0x00000000d6900000)
 ParOldGen       total 141824K, used 64707K [0x0000000080000000, 0x0000000088a80000, 0x00000000d5580000)
  object space 141824K, 45% used [0x0000000080000000,0x0000000083f30d98,0x0000000088a80000)
 Metaspace       used 63380K, committed 64960K, reserved 1114112K
  class space    used 6750K, committed 7424K, reserved 1048576K
}
Event: 40.705 GC heap before
{Heap before GC invocations=93 (full 3):
 PSYoungGen      total 14848K, used 14604K [0x00000000d5580000, 0x00000000d6900000, 0x0000000100000000)
  eden space 13824K, 100% used [0x00000000d5580000,0x00000000d6300000,0x00000000d6300000)
  from space 1024K, 76% used [0x00000000d6780000,0x00000000d68433e8,0x00000000d6880000)
  to   space 512K, 0% used [0x00000000d6880000,0x00000000d6880000,0x00000000d6900000)
 ParOldGen       total 141824K, used 64707K [0x0000000080000000, 0x0000000088a80000, 0x00000000d5580000)
  object space 141824K, 45% used [0x0000000080000000,0x0000000083f30d98,0x0000000088a80000)
 Metaspace       used 63442K, committed 65024K, reserved 1114112K
  class space    used 6755K, committed 7424K, reserved 1048576K
}
Event: 40.706 GC heap after
{Heap after GC invocations=93 (full 3):
 PSYoungGen      total 14336K, used 511K [0x00000000d5580000, 0x00000000d6900000, 0x0000000100000000)
  eden space 13824K, 0% used [0x00000000d5580000,0x00000000d5580000,0x00000000d6300000)
  from space 512K, 99% used [0x00000000d6880000,0x00000000d68fff70,0x00000000d6900000)
  to   space 2048K, 0% used [0x00000000d6500000,0x00000000d6500000,0x00000000d6700000)
 ParOldGen       total 141824K, used 65862K [0x0000000080000000, 0x0000000088a80000, 0x00000000d5580000)
  object space 141824K, 46% used [0x0000000080000000,0x00000000840518b0,0x0000000088a80000)
 Metaspace       used 63442K, committed 65024K, reserved 1114112K
  class space    used 6755K, committed 7424K, reserved 1048576K
}
Event: 40.856 GC heap before
{Heap before GC invocations=94 (full 3):
 PSYoungGen      total 14336K, used 14335K [0x00000000d5580000, 0x00000000d6900000, 0x0000000100000000)
  eden space 13824K, 100% used [0x00000000d5580000,0x00000000d6300000,0x00000000d6300000)
  from space 512K, 99% used [0x00000000d6880000,0x00000000d68fff70,0x00000000d6900000)
  to   space 2048K, 0% used [0x00000000d6500000,0x00000000d6500000,0x00000000d6700000)
 ParOldGen       total 141824K, used 65862K [0x0000000080000000, 0x0000000088a80000, 0x00000000d5580000)
  object space 141824K, 46% used [0x0000000080000000,0x00000000840518b0,0x0000000088a80000)
 Metaspace       used 64288K, committed 65856K, reserved 1114112K
  class space    used 6854K, committed 7488K, reserved 1048576K
}
Event: 40.859 GC heap after
{Heap after GC invocations=94 (full 3):
 PSYoungGen      total 15872K, used 1539K [0x00000000d5580000, 0x00000000d6900000, 0x0000000100000000)
  eden space 13824K, 0% used [0x00000000d5580000,0x00000000d5580000,0x00000000d6300000)
  from space 2048K, 75% used [0x00000000d6500000,0x00000000d6680e58,0x00000000d6700000)
  to   space 2048K, 0% used [0x00000000d6700000,0x00000000d6700000,0x00000000d6900000)
 ParOldGen       total 141824K, used 66396K [0x0000000080000000, 0x0000000088a80000, 0x00000000d5580000)
  object space 141824K, 46% used [0x0000000080000000,0x00000000840d71e0,0x0000000088a80000)
 Metaspace       used 64288K, committed 65856K, reserved 1114112K
  class space    used 6854K, committed 7488K, reserved 1048576K
}
Event: 41.106 GC heap before
{Heap before GC invocations=95 (full 3):
 PSYoungGen      total 15872K, used 15336K [0x00000000d5580000, 0x00000000d6900000, 0x0000000100000000)
  eden space 13824K, 99% used [0x00000000d5580000,0x00000000d62f92f0,0x00000000d6300000)
  from space 2048K, 75% used [0x00000000d6500000,0x00000000d6680e58,0x00000000d6700000)
  to   space 2048K, 0% used [0x00000000d6700000,0x00000000d6700000,0x00000000d6900000)
 ParOldGen       total 141824K, used 66396K [0x0000000080000000, 0x0000000088a80000, 0x00000000d5580000)
  object space 141824K, 46% used [0x0000000080000000,0x00000000840d71e0,0x0000000088a80000)
 Metaspace       used 64954K, committed 66560K, reserved 1114112K
  class space    used 6923K, committed 7616K, reserved 1048576K
}
Event: 41.108 GC heap after
{Heap after GC invocations=95 (full 3):
 PSYoungGen      total 14336K, used 380K [0x00000000d5580000, 0x00000000d6780000, 0x0000000100000000)
  eden space 13824K, 0% used [0x00000000d5580000,0x00000000d5580000,0x00000000d6300000)
  from space 512K, 74% used [0x00000000d6700000,0x00000000d675f018,0x00000000d6780000)
  to   space 1024K, 0% used [0x00000000d6580000,0x00000000d6580000,0x00000000d6680000)
 ParOldGen       total 141824K, used 67640K [0x0000000080000000, 0x0000000088a80000, 0x00000000d5580000)
  object space 141824K, 47% used [0x0000000080000000,0x000000008420e038,0x0000000088a80000)
 Metaspace       used 64954K, committed 66560K, reserved 1114112K
  class space    used 6923K, committed 7616K, reserved 1048576K
}
Event: 41.251 GC heap before
{Heap before GC invocations=96 (full 3):
 PSYoungGen      total 14336K, used 14204K [0x00000000d5580000, 0x00000000d6780000, 0x0000000100000000)
  eden space 13824K, 100% used [0x00000000d5580000,0x00000000d6300000,0x00000000d6300000)
  from space 512K, 74% used [0x00000000d6700000,0x00000000d675f018,0x00000000d6780000)
  to   space 1024K, 0% used [0x00000000d6580000,0x00000000d6580000,0x00000000d6680000)
 ParOldGen       total 141824K, used 67640K [0x0000000080000000, 0x0000000088a80000, 0x00000000d5580000)
  object space 141824K, 47% used [0x0000000080000000,0x000000008420e038,0x0000000088a80000)
 Metaspace       used 66588K, committed 68224K, reserved 1114112K
  class space    used 7148K, committed 7872K, reserved 1048576K
}
Event: 41.252 GC heap after
{Heap after GC invocations=96 (full 3):
 PSYoungGen      total 14848K, used 449K [0x00000000d5580000, 0x00000000d6780000, 0x0000000100000000)
  eden space 13824K, 0% used [0x00000000d5580000,0x00000000d5580000,0x00000000d6300000)
  from space 1024K, 43% used [0x00000000d6580000,0x00000000d65f05d8,0x00000000d6680000)
  to   space 512K, 0% used [0x00000000d6700000,0x00000000d6700000,0x00000000d6780000)
 ParOldGen       total 141824K, used 67824K [0x0000000080000000, 0x0000000088a80000, 0x00000000d5580000)
  object space 141824K, 47% used [0x0000000080000000,0x000000008423c048,0x0000000088a80000)
 Metaspace       used 66588K, committed 68224K, reserved 1114112K
  class space    used 7148K, committed 7872K, reserved 1048576K
}

