# JRE version: OpenJDK Runtime Environment Temurin-21.0.10+7 (21.0.10+7) (build 21.0.10+7-LTS)
# Java VM: OpenJDK 64-Bit Server VM Temurin-21.0.10+7 (21.0.10+7-LTS, mixed mode, sharing, tiered, compressed oops, compressed class ptrs, parallel gc, windows-amd64)
GC Precious Log:
 CardTable entry size: 512
 CPUs: 8 total, 8 available
 Memory: 8071M
 Large Page Support: Disabled
 NUMA Support: Disabled
 Compressed Oops: Enabled (32-bit)
 Alignments: Space 512K, Generation 512K, Heap 2M
 Heap Min Capacity: 100M
 Heap Initial Capacity: 100M
 Heap Max Capacity: 2G
 Pre-touch: Disabled
 Parallel Workers: 8
Heap:
 PSYoungGen      total 18432K, used 1960K [0x00000000d5580000, 0x00000000d6980000, 0x0000000100000000)
  eden space 17408K, 5% used [0x00000000d5580000,0x00000000d56793b8,0x00000000d6680000)
  from space 1024K, 94% used [0x00000000d6880000,0x00000000d6970f98,0x00000000d6980000)
  to   space 1536K, 0% used [0x00000000d6680000,0x00000000d6680000,0x00000000d6800000)
 ParOldGen       total 68608K, used 44339K [0x0000000080000000, 0x0000000084300000, 0x00000000d5580000)
  object space 68608K, 64% used [0x0000000080000000,0x0000000082b4cd40,0x0000000084300000)
 Metaspace       used 51506K, committed 52800K, reserved 1114112K
  class space    used 5592K, committed 6144K, reserved 1048576K
GC Heap History (20 events):
Event: 9.740 GC heap before
{Heap before GC invocations=20 (full 2):
 PSYoungGen      total 18944K, used 18784K [0x00000000d5580000, 0x00000000d6f00000, 0x0000000100000000)
  eden space 17920K, 100% used [0x00000000d5580000,0x00000000d6700000,0x00000000d6700000)
  from space 1024K, 84% used [0x00000000d6700000,0x00000000d67d8000,0x00000000d6800000)
  to   space 3072K, 0% used [0x00000000d6c00000,0x00000000d6c00000,0x00000000d6f00000)
 ParOldGen       total 68608K, used 27695K [0x0000000080000000, 0x0000000084300000, 0x00000000d5580000)
  object space 68608K, 40% used [0x0000000080000000,0x0000000081b0bc88,0x0000000084300000)
 Metaspace       used 43378K, committed 44544K, reserved 1114112K
  class space    used 4719K, committed 5248K, reserved 1048576K
}
Event: 9.743 GC heap after
{Heap after GC invocations=20 (full 2):
 PSYoungGen      total 19456K, used 1440K [0x00000000d5580000, 0x00000000d6d80000, 0x0000000100000000)
  eden space 17920K, 0% used [0x00000000d5580000,0x00000000d5580000,0x00000000d6700000)
  from space 1536K, 93% used [0x00000000d6c00000,0x00000000d6d68000,0x00000000d6d80000)
  to   space 2048K, 0% used [0x00000000d6980000,0x00000000d6980000,0x00000000d6b80000)
 ParOldGen       total 68608K, used 28398K [0x0000000080000000, 0x0000000084300000, 0x00000000d5580000)
  object space 68608K, 41% used [0x0000000080000000,0x0000000081bbb988,0x0000000084300000)
 Metaspace       used 43378K, committed 44544K, reserved 1114112K
  class space    used 4719K, committed 5248K, reserved 1048576K
}
Event: 10.338 GC heap before
{Heap before GC invocations=21 (full 2):
 PSYoungGen      total 19456K, used 19360K [0x00000000d5580000, 0x00000000d6d80000, 0x0000000100000000)
  eden space 17920K, 100% used [0x00000000d5580000,0x00000000d6700000,0x00000000d6700000)
  from space 1536K, 93% used [0x00000000d6c00000,0x00000000d6d68000,0x00000000d6d80000)
  to   space 2048K, 0% used [0x00000000d6980000,0x00000000d6980000,0x00000000d6b80000)
 ParOldGen       total 68608K, used 28398K [0x0000000080000000, 0x0000000084300000, 0x00000000d5580000)
  object space 68608K, 41% used [0x0000000080000000,0x0000000081bbb988,0x0000000084300000)
 Metaspace       used 45379K, committed 46592K, reserved 1114112K
  class space    used 4990K, committed 5568K, reserved 1048576K
}
Event: 10.343 GC heap after
{Heap after GC invocations=21 (full 2):
 PSYoungGen      total 19456K, used 1216K [0x00000000d5580000, 0x00000000d6c80000, 0x0000000100000000)
  eden space 17920K, 0% used [0x00000000d5580000,0x00000000d5580000,0x00000000d6700000)
  from space 1536K, 79% used [0x00000000d6980000,0x00000000d6ab0000,0x00000000d6b00000)
  to   space 1536K, 0% used [0x00000000d6b00000,0x00000000d6b00000,0x00000000d6c80000)
 ParOldGen       total 68608K, used 29658K [0x0000000080000000, 0x0000000084300000, 0x00000000d5580000)
  object space 68608K, 43% used [0x0000000080000000,0x0000000081cf69b8,0x0000000084300000)
 Metaspace       used 45379K, committed 46592K, reserved 1114112K
  class space    used 4990K, committed 5568K, reserved 1048576K
}
Event: 10.862 GC heap before
{Heap before GC invocations=22 (full 2):
 PSYoungGen      total 19456K, used 19135K [0x00000000d5580000, 0x00000000d6c80000, 0x0000000100000000)
  eden space 17920K, 99% used [0x00000000d5580000,0x00000000d66fffe8,0x00000000d6700000)
  from space 1536K, 79% used [0x00000000d6980000,0x00000000d6ab0000,0x00000000d6b00000)
  to   space 1536K, 0% used [0x00000000d6b00000,0x00000000d6b00000,0x00000000d6c80000)
 ParOldGen       total 68608K, used 29658K [0x0000000080000000, 0x0000000084300000, 0x00000000d5580000)
  object space 68608K, 43% used [0x0000000080000000,0x0000000081cf69b8,0x0000000084300000)
 Metaspace       used 47417K, committed 48704K, reserved 1114112K
  class space    used 5189K, committed 5760K, reserved 1048576K
}
Event: 10.866 GC heap after
{Heap after GC invocations=22 (full 2):
 PSYoungGen      total 19456K, used 1355K [0x00000000d5580000, 0x00000000d6c80000, 0x0000000100000000)
  eden space 17920K, 0% used [0x00000000d5580000,0x00000000d5580000,0x00000000d6700000)
  from space 1536K, 88% used [0x00000000d6b00000,0x00000000d6c52eb8,0x00000000d6c80000)
  to   space 1536K, 0% used [0x00000000d6980000,0x00000000d6980000,0x00000000d6b00000)
 ParOldGen       total 68608K, used 30682K [0x0000000080000000, 0x0000000084300000, 0x00000000d5580000)
  object space 68608K, 44% used [0x0000000080000000,0x0000000081df69b8,0x0000000084300000)
 Metaspace       used 47417K, committed 48704K, reserved 1114112K
  class space    used 5189K, committed 5760K, reserved 1048576K
}
Event: 10.952 GC heap before
{Heap before GC invocations=23 (full 2):
 PSYoungGen      total 19456K, used 19275K [0x00000000d5580000, 0x00000000d6c80000, 0x0000000100000000)
  eden space 17920K, 100% used [0x00000000d5580000,0x00000000d6700000,0x00000000d6700000)
  from space 1536K, 88% used [0x00000000d6b00000,0x00000000d6c52eb8,0x00000000d6c80000)
  to   space 1536K, 0% used [0x00000000d6980000,0x00000000d6980000,0x00000000d6b00000)
 ParOldGen       total 68608K, used 30682K [0x0000000080000000, 0x0000000084300000, 0x00000000d5580000)
  object space 68608K, 44% used [0x0000000080000000,0x0000000081df69b8,0x0000000084300000)
 Metaspace       used 47635K, committed 48896K, reserved 1114112K
  class space    used 5201K, committed 5760K, reserved 1048576K
}
Event: 10.955 GC heap after
{Heap after GC invocations=23 (full 2):
 PSYoungGen      total 19456K, used 1504K [0x00000000d5580000, 0x00000000d6e00000, 0x0000000100000000)
  eden space 17920K, 0% used [0x00000000d5580000,0x00000000d5580000,0x00000000d6700000)
  from space 1536K, 97% used [0x00000000d6980000,0x00000000d6af8030,0x00000000d6b00000)
  to   space 3072K, 0% used [0x00000000d6b00000,0x00000000d6b00000,0x00000000d6e00000)
 ParOldGen       total 68608K, used 32282K [0x0000000080000000, 0x0000000084300000, 0x00000000d5580000)
  object space 68608K, 47% used [0x0000000080000000,0x0000000081f86818,0x0000000084300000)
 Metaspace       used 47635K, committed 48896K, reserved 1114112K
  class space    used 5201K, committed 5760K, reserved 1048576K
}
Event: 11.073 GC heap before
{Heap before GC invocations=24 (full 2):
 PSYoungGen      total 19456K, used 19424K [0x00000000d5580000, 0x00000000d6e00000, 0x0000000100000000)
  eden space 17920K, 100% used [0x00000000d5580000,0x00000000d6700000,0x00000000d6700000)
  from space 1536K, 97% used [0x00000000d6980000,0x00000000d6af8030,0x00000000d6b00000)
  to   space 3072K, 0% used [0x00000000d6b00000,0x00000000d6b00000,0x00000000d6e00000)
 ParOldGen       total 68608K, used 32282K [0x0000000080000000, 0x0000000084300000, 0x00000000d5580000)
  object space 68608K, 47% used [0x0000000080000000,0x0000000081f86818,0x0000000084300000)
 Metaspace       used 48011K, committed 49280K, reserved 1114112K
  class space    used 5256K, committed 5824K, reserved 1048576K
}
Event: 11.078 GC heap after
{Heap after GC invocations=24 (full 2):
 PSYoungGen      total 20480K, used 2161K [0x00000000d5580000, 0x00000000d6d80000, 0x0000000100000000)
  eden space 17920K, 0% used [0x00000000d5580000,0x00000000d5580000,0x00000000d6700000)
  from space 2560K, 84% used [0x00000000d6b00000,0x00000000d6d1c410,0x00000000d6d80000)
  to   space 2560K, 0% used [0x00000000d6880000,0x00000000d6880000,0x00000000d6b00000)
 ParOldGen       total 68608K, used 33730K [0x0000000080000000, 0x0000000084300000, 0x00000000d5580000)
  object space 68608K, 49% used [0x0000000080000000,0x00000000820f0848,0x0000000084300000)
 Metaspace       used 48011K, committed 49280K, reserved 1114112K
  class space    used 5256K, committed 5824K, reserved 1048576K
}
Event: 11.155 GC heap before
{Heap before GC invocations=25 (full 2):
 PSYoungGen      total 20480K, used 20081K [0x00000000d5580000, 0x00000000d6d80000, 0x0000000100000000)
  eden space 17920K, 100% used [0x00000000d5580000,0x00000000d6700000,0x00000000d6700000)
  from space 2560K, 84% used [0x00000000d6b00000,0x00000000d6d1c410,0x00000000d6d80000)
  to   space 2560K, 0% used [0x00000000d6880000,0x00000000d6880000,0x00000000d6b00000)
 ParOldGen       total 68608K, used 33730K [0x0000000080000000, 0x0000000084300000, 0x00000000d5580000)
  object space 68608K, 49% used [0x0000000080000000,0x00000000820f0848,0x0000000084300000)
 Metaspace       used 48026K, committed 49280K, reserved 1114112K
  class space    used 5256K, committed 5824K, reserved 1048576K
}
Event: 11.160 GC heap after
{Heap after GC invocations=25 (full 2):
 PSYoungGen      total 20480K, used 2242K [0x00000000d5580000, 0x00000000d6c00000, 0x0000000100000000)
  eden space 17920K, 0% used [0x00000000d5580000,0x00000000d5580000,0x00000000d6700000)
  from space 2560K, 87% used [0x00000000d6880000,0x00000000d6ab0810,0x00000000d6b00000)
  to   space 1024K, 0% used [0x00000000d6b00000,0x00000000d6b00000,0x00000000d6c00000)
 ParOldGen       total 68608K, used 35685K [0x0000000080000000, 0x0000000084300000, 0x00000000d5580000)
  object space 68608K, 52% used [0x0000000080000000,0x00000000822d9540,0x0000000084300000)
 Metaspace       used 48026K, committed 49280K, reserved 1114112K
  class space    used 5256K, committed 5824K, reserved 1048576K
}
Event: 11.220 GC heap before
{Heap before GC invocations=26 (full 2):
 PSYoungGen      total 20480K, used 20162K [0x00000000d5580000, 0x00000000d6c00000, 0x0000000100000000)
  eden space 17920K, 100% used [0x00000000d5580000,0x00000000d6700000,0x00000000d6700000)
  from space 2560K, 87% used [0x00000000d6880000,0x00000000d6ab0810,0x00000000d6b00000)
  to   space 1024K, 0% used [0x00000000d6b00000,0x00000000d6b00000,0x00000000d6c00000)
 ParOldGen       total 68608K, used 35685K [0x0000000080000000, 0x0000000084300000, 0x00000000d5580000)
  object space 68608K, 52% used [0x0000000080000000,0x00000000822d9540,0x0000000084300000)
 Metaspace       used 48034K, committed 49280K, reserved 1114112K
  class space    used 5256K, committed 5824K, reserved 1048576K
}
Event: 11.223 GC heap after
{Heap after GC invocations=26 (full 2):
 PSYoungGen      total 18432K, used 1024K [0x00000000d5580000, 0x00000000d7000000, 0x0000000100000000)
  eden space 17408K, 0% used [0x00000000d5580000,0x00000000d5580000,0x00000000d6680000)
  from space 1024K, 100% used [0x00000000d6b00000,0x00000000d6c00000,0x00000000d6c00000)
  to   space 4608K, 0% used [0x00000000d6680000,0x00000000d6680000,0x00000000d6b00000)
 ParOldGen       total 68608K, used 38585K [0x0000000080000000, 0x0000000084300000, 0x00000000d5580000)
  object space 68608K, 56% used [0x0000000080000000,0x00000000825ae550,0x0000000084300000)
 Metaspace       used 48034K, committed 49280K, reserved 1114112K
  class space    used 5256K, committed 5824K, reserved 1048576K
}
Event: 11.295 GC heap before
{Heap before GC invocations=27 (full 2):
 PSYoungGen      total 18432K, used 18432K [0x00000000d5580000, 0x00000000d7000000, 0x0000000100000000)
  eden space 17408K, 100% used [0x00000000d5580000,0x00000000d6680000,0x00000000d6680000)
  from space 1024K, 100% used [0x00000000d6b00000,0x00000000d6c00000,0x00000000d6c00000)
  to   space 4608K, 0% used [0x00000000d6680000,0x00000000d6680000,0x00000000d6b00000)
 ParOldGen       total 68608K, used 38585K [0x0000000080000000, 0x0000000084300000, 0x00000000d5580000)
  object space 68608K, 56% used [0x0000000080000000,0x00000000825ae550,0x0000000084300000)
 Metaspace       used 48055K, committed 49280K, reserved 1114112K
  class space    used 5256K, committed 5824K, reserved 1048576K
}
Event: 11.298 GC heap after
{Heap after GC invocations=27 (full 2):
 PSYoungGen      total 19456K, used 1824K [0x00000000d5580000, 0x00000000d6c80000, 0x0000000100000000)
  eden space 17408K, 0% used [0x00000000d5580000,0x00000000d5580000,0x00000000d6680000)
  from space 2048K, 89% used [0x00000000d6680000,0x00000000d6848000,0x00000000d6880000)
  to   space 3072K, 0% used [0x00000000d6980000,0x00000000d6980000,0x00000000d6c80000)
 ParOldGen       total 68608K, used 39645K [0x0000000080000000, 0x0000000084300000, 0x00000000d5580000)
  object space 68608K, 57% used [0x0000000080000000,0x00000000826b7650,0x0000000084300000)
 Metaspace       used 48055K, committed 49280K, reserved 1114112K
  class space    used 5256K, committed 5824K, reserved 1048576K
}
Event: 11.395 GC heap before
{Heap before GC invocations=28 (full 2):
 PSYoungGen      total 19456K, used 19232K [0x00000000d5580000, 0x00000000d6c80000, 0x0000000100000000)
  eden space 17408K, 100% used [0x00000000d5580000,0x00000000d6680000,0x00000000d6680000)
  from space 2048K, 89% used [0x00000000d6680000,0x00000000d6848000,0x00000000d6880000)
  to   space 3072K, 0% used [0x00000000d6980000,0x00000000d6980000,0x00000000d6c80000)
 ParOldGen       total 68608K, used 39645K [0x0000000080000000, 0x0000000084300000, 0x00000000d5580000)
  object space 68608K, 57% used [0x0000000080000000,0x00000000826b7650,0x0000000084300000)
 Metaspace       used 48086K, committed 49344K, reserved 1114112K
  class space    used 5256K, committed 5824K, reserved 1048576K
}
Event: 11.399 GC heap after
{Heap after GC invocations=28 (full 2):
 PSYoungGen      total 19456K, used 2008K [0x00000000d5580000, 0x00000000d6b80000, 0x0000000100000000)
  eden space 17408K, 0% used [0x00000000d5580000,0x00000000d5580000,0x00000000d6680000)
  from space 2048K, 98% used [0x00000000d6980000,0x00000000d6b76210,0x00000000d6b80000)
  to   space 2560K, 0% used [0x00000000d6680000,0x00000000d6680000,0x00000000d6900000)
 ParOldGen       total 68608K, used 41333K [0x0000000080000000, 0x0000000084300000, 0x00000000d5580000)
  object space 68608K, 60% used [0x0000000080000000,0x000000008285d650,0x0000000084300000)
 Metaspace       used 48086K, committed 49344K, reserved 1114112K
  class space    used 5256K, committed 5824K, reserved 1048576K
}
Event: 11.677 GC heap before
{Heap before GC invocations=29 (full 2):
 PSYoungGen      total 19456K, used 19416K [0x00000000d5580000, 0x00000000d6b80000, 0x0000000100000000)
  eden space 17408K, 100% used [0x00000000d5580000,0x00000000d6680000,0x00000000d6680000)
  from space 2048K, 98% used [0x00000000d6980000,0x00000000d6b76210,0x00000000d6b80000)
  to   space 2560K, 0% used [0x00000000d6680000,0x00000000d6680000,0x00000000d6900000)
 ParOldGen       total 68608K, used 41333K [0x0000000080000000, 0x0000000084300000, 0x00000000d5580000)
  object space 68608K, 60% used [0x0000000080000000,0x000000008285d650,0x0000000084300000)
 Metaspace       used 49125K, committed 50432K, reserved 1114112K
  class space    used 5372K, committed 5952K, reserved 1048576K
}
Event: 11.681 GC heap after
{Heap after GC invocations=29 (full 2):
 PSYoungGen      total 18944K, used 1240K [0x00000000d5580000, 0x00000000d6a00000, 0x0000000100000000)
  eden space 17408K, 0% used [0x00000000d5580000,0x00000000d5580000,0x00000000d6680000)
  from space 1536K, 80% used [0x00000000d6680000,0x00000000d67b61a8,0x00000000d6800000)
  to   space 1536K, 0% used [0x00000000d6880000,0x00000000d6880000,0x00000000d6a00000)
 ParOldGen       total 68608K, used 43222K [0x0000000080000000, 0x0000000084300000, 0x00000000d5580000)
  object space 68608K, 62% used [0x0000000080000000,0x0000000082a35860,0x0000000084300000)
 Metaspace       used 49125K, committed 50432K, reserved 1114112K
  class space    used 5372K, committed 5952K, reserved 1048576K
}

